c:\acm\main_mod\release\testing.obj
c:\acm\main_mod\release\swap_message.obj
c:\acm\main_mod\release\send_data.obj
c:\acm\main_mod\release\readconfig.obj
c:\acm\main_mod\release\max_substr.obj
c:\acm\main_mod\release\main_mod.obj
c:\acm\main_mod\release\log_support.obj
c:\acm\main_mod\release\db_func.obj
c:\acm\main_mod\release\vc100.pdb
c:\acm\main_mod\main_mod.exe
c:\acm\main_mod\release\main_mod.exe.intermediate.manifest
c:\acm\main_mod\main_mod.pdb
c:\acm\main_mod\release\main_mod.exe.embed.manifest
c:\acm\main_mod\release\main_mod.exe.embed.manifest.res
c:\acm\main_mod\release\cl.command.1.tlog
c:\acm\main_mod\release\cl.read.1.tlog
c:\acm\main_mod\release\cl.write.1.tlog
c:\acm\main_mod\release\link-cvtres.read.1.tlog
c:\acm\main_mod\release\link-cvtres.write.1.tlog
c:\acm\main_mod\release\link.command.1.tlog
c:\acm\main_mod\release\link.read.1.tlog
c:\acm\main_mod\release\link.write.1.tlog
c:\acm\main_mod\release\mt.command.1.tlog
c:\acm\main_mod\release\mt.read.1.tlog
c:\acm\main_mod\release\mt.write.1.tlog
c:\acm\main_mod\release\rc.command.1.tlog
c:\acm\main_mod\release\rc.read.1.tlog
c:\acm\main_mod\release\rc.write.1.tlog
c:\acm\main_mod\release\main_mod_manifest.rc
