Build started 24.02.2016 17:27:56.
     1>Project "C:\acm\main_mod\main_mod.vcxproj" on node 2 (Build target(s)).
     1>ClCompile:
         C:\Program Files (x86)\Microsoft Visual Studio 12.0\VC\bin\CL.exe /c /Zi /nologo /W3 /WX- /O2 /Oy- /D WIN32 /D NDEBUG /D _WINDOWS /Gm- /EHsc /MD /GS /fp:precise /Zc:wchar_t /Zc:forScope /Fo"Release\\" /Fd"Release\vc120.pdb" /Gd /TP /analyze- /errorReport:prompt main_mod.cpp testing.cpp
         main_mod.cpp
     1>main_mod.cpp(72): warning C4996: 'itoa': The POSIX name for this item is deprecated. Instead, use the ISO C++ conformant name: _itoa. See online help for details.
                 C:\Program Files (x86)\Microsoft Visual Studio 12.0\VC\include\stdlib.h(937) : see declaration of 'itoa'
     1>main_mod.cpp(200): warning C4244: '=' : conversion from 'double' to 'unsigned int', possible loss of data
     1>main_mod.cpp(213): warning C4146: unary minus operator applied to unsigned type, result still unsigned
     1>main_mod.cpp(226): warning C4018: '>' : signed/unsigned mismatch
     1>main_mod.cpp(295): warning C4244: 'initializing' : conversion from 'std::streamoff' to 'int', possible loss of data
     1>main_mod.cpp(27): warning C4101: 'mm1' : unreferenced local variable
     1>main_mod.cpp(30): warning C4101: 'warn_rsl_s' : unreferenced local variable
     1>main_mod.cpp(29): warning C4101: 'ts' : unreferenced local variable
     1>main_mod.cpp(27): warning C4101: 'tm1' : unreferenced local variable
     1>main_mod.cpp(36): warning C4101: 'sys_tm' : unreferenced local variable
     1>main_mod.cpp(443): warning C4996: 'putenv': The POSIX name for this item is deprecated. Instead, use the ISO C++ conformant name: _putenv. See online help for details.
                 C:\Program Files (x86)\Microsoft Visual Studio 12.0\VC\include\stdlib.h(941) : see declaration of 'putenv'
     1>main_mod.cpp(446): warning C4996: 'putenv': The POSIX name for this item is deprecated. Instead, use the ISO C++ conformant name: _putenv. See online help for details.
                 C:\Program Files (x86)\Microsoft Visual Studio 12.0\VC\include\stdlib.h(941) : see declaration of 'putenv'
     1>main_mod.cpp(449): warning C4996: 'putenv': The POSIX name for this item is deprecated. Instead, use the ISO C++ conformant name: _putenv. See online help for details.
                 C:\Program Files (x86)\Microsoft Visual Studio 12.0\VC\include\stdlib.h(941) : see declaration of 'putenv'
     1>main_mod.cpp(452): warning C4996: 'putenv': The POSIX name for this item is deprecated. Instead, use the ISO C++ conformant name: _putenv. See online help for details.
                 C:\Program Files (x86)\Microsoft Visual Studio 12.0\VC\include\stdlib.h(941) : see declaration of 'putenv'
     1>main_mod.cpp(455): warning C4996: 'putenv': The POSIX name for this item is deprecated. Instead, use the ISO C++ conformant name: _putenv. See online help for details.
                 C:\Program Files (x86)\Microsoft Visual Studio 12.0\VC\include\stdlib.h(941) : see declaration of 'putenv'
         testing.cpp
     1>testing.cpp(151): warning C4244: '=' : conversion from 'double' to 'unsigned int', possible loss of data
     1>testing.cpp(108): warning C4101: 'StartupInfo' : unreferenced local variable
     1>testing.cpp(201): warning C4101: 'ur' : unreferenced local variable
     1>testing.cpp(204): warning C4101: 'WACmd' : unreferenced local variable
     1>testing.cpp(201): warning C4101: 'cr' : unreferenced local variable
     1>testing.cpp(201): warning C4101: 'ex' : unreferenced local variable
     1>testing.cpp(201): warning C4101: 'kr' : unreferenced local variable
     1>testing.cpp(204): warning C4101: 'fln' : unreferenced local variable
     1>testing.cpp(200): warning C4101: 'end_sleep' : unreferenced local variable
     1>testing.cpp(200): warning C4101: 'tm_stamp' : unreferenced local variable
     1>testing.cpp(495): warning C4101: 'ur' : unreferenced local variable
     1>testing.cpp(495): warning C4101: 'cr' : unreferenced local variable
     1>testing.cpp(495): warning C4101: 'ex' : unreferenced local variable
     1>testing.cpp(495): warning C4101: 'kr' : unreferenced local variable
     1>testing.cpp(494): warning C4101: 'end_sleep' : unreferenced local variable
     1>testing.cpp(494): warning C4101: 'tm_stamp' : unreferenced local variable
     1>testing.cpp(888): warning C4244: '=' : conversion from 'std::streamoff' to 'int', possible loss of data
     1>testing.cpp(894): warning C4244: '=' : conversion from 'std::streamoff' to 'int', possible loss of data
     1>testing.cpp(1121): warning C4996: 'itoa': The POSIX name for this item is deprecated. Instead, use the ISO C++ conformant name: _itoa. See online help for details.
                 C:\Program Files (x86)\Microsoft Visual Studio 12.0\VC\include\stdlib.h(937) : see declaration of 'itoa'
     1>testing.cpp(1221): warning C4244: '=' : conversion from 'std::streamsize' to 'int', possible loss of data
         Generating Code...
       Link:
         C:\Program Files (x86)\Microsoft Visual Studio 12.0\VC\bin\link.exe /ERRORREPORT:PROMPT /OUT:"C:\acm\main_mod\main_mod.exe" /INCREMENTAL /NOLOGO fbclient_ms.lib kernel32.lib user32.lib gdi32.lib winspool.lib comdlg32.lib advapi32.lib shell32.lib ole32.lib oleaut32.lib uuid.lib odbc32.lib odbccp32.lib /MANIFEST /MANIFESTUAC:"level='asInvoker' uiAccess='false'" /manifest:embed /DEBUG /PDB:"C:\acm\main_mod\main_mod.pdb" /SUBSYSTEM:WINDOWS /OPT:REF /OPT:ICF /TLBID:1 /DYNAMICBASE:NO /IMPLIB:"C:\acm\main_mod\main_mod.lib" /MACHINE:X86 /SAFESEH Release\db_func.obj
         Release\log_support.obj
         Release\main_mod.obj
         Release\max_substr.obj
         Release\readconfig.obj
         Release\send_data.obj
         Release\swap_message.obj
         Release\testing.obj
     1>LINK : warning LNK4075: ignoring '/INCREMENTAL' due to '/OPT:ICF' specification
         main_mod.vcxproj -> C:\acm\main_mod\main_mod.exe
     1>Done Building Project "C:\acm\main_mod\main_mod.vcxproj" (Build target(s)).

Build succeeded.

Time Elapsed 00:00:02.77
