C:\acm\main_mod\Debug\cl.command.1.tlog
C:\acm\main_mod\Debug\CL.read.1.tlog
C:\acm\main_mod\Debug\CL.write.1.tlog
C:\acm\main_mod\Debug\com_substr_cnt.obj
C:\ACM\MAIN_MOD\DEBUG\DB_FUNC.OBJ
C:\acm\main_mod\Debug\link.command.1.tlog
C:\acm\main_mod\Debug\link.read.1.tlog
C:\acm\main_mod\Debug\link.write.1.tlog
C:\acm\main_mod\Debug\link-cvtres.read.1.tlog
C:\acm\main_mod\Debug\link-cvtres.write.1.tlog
C:\ACM\MAIN_MOD\DEBUG\LOG_SUPPORT.OBJ
C:\ACM\MAIN_MOD\DEBUG\MAIN_MOD.EXE.EMBED.MANIFEST
C:\ACM\MAIN_MOD\DEBUG\MAIN_MOD.EXE.EMBED.MANIFEST.RES
C:\ACM\MAIN_MOD\DEBUG\MAIN_MOD.EXE.INTERMEDIATE.MANIFEST
C:\acm\main_mod\Debug\main_mod.ilk
C:\ACM\MAIN_MOD\DEBUG\MAIN_MOD.OBJ
C:\acm\main_mod\Debug\main_mod.pdb
C:\acm\main_mod\Debug\main_mod_manifest.rc
C:\ACM\MAIN_MOD\DEBUG\MAX_SUBSTR.OBJ
C:\acm\main_mod\Debug\mt.command.1.tlog
C:\acm\main_mod\Debug\mt.read.1.tlog
C:\acm\main_mod\Debug\mt.write.1.tlog
C:\acm\main_mod\Debug\rc.command.1.tlog
C:\acm\main_mod\Debug\rc.read.1.tlog
C:\acm\main_mod\Debug\rc.write.1.tlog
C:\ACM\MAIN_MOD\DEBUG\READCONFIG.OBJ
C:\ACM\MAIN_MOD\DEBUG\SEND_DATA.OBJ
C:\ACM\MAIN_MOD\DEBUG\SWAP_MESSAGE.OBJ
C:\ACM\MAIN_MOD\DEBUG\TESTING.OBJ
C:\acm\main_mod\Debug\vc100.idb
C:\ACM\MAIN_MOD\DEBUG\VC100.PDB
C:\acm\main_mod\Debug\vc80.idb
C:\acm\main_mod\Debug\vc80.pdb
C:\acm\main_mod\Debug\vc90.idb
C:\acm\main_mod\Debug\vc90.pdb
C:\ACM\MAIN_MOD\MAIN_MOD.EXE
C:\ACM\MAIN_MOD\MAIN_MOD.ILK
C:\ACM\MAIN_MOD\MAIN_MOD.PDB
