k = 2
[1] 'a 1 1 1'

s=[1 1 1]
   i = 0    j = 0    x = 1   (field[0][0] = 0)    a
[2] 'a 1 2 2'

s=[1 2 2]
   i = 0    j = 1    x = 2   (field[0][1] = 0)    a
[1] 'a 1 3 3'

s=[1 3 3]
   i = 0    j = 2    x = 3   (field[0][2] = 0)    a
[2] 'a 2 1 4'

s=[2 1 4]
   i = 1    j = 0    x = 4   (field[1][0] = 0)    a
[1] 'a 2 2 5'

s=[2 2 5]
   i = 1    j = 1    x = 5   (field[1][1] = 0)    a
[2] 'a 2 3 6'

s=[2 3 6]
   i = 1    j = 2    x = 6   (field[1][2] = 0)    a
[1] 'a 3 1 7'

s=[3 1 7]
   i = 2    j = 0    x = 7   (field[2][0] = 0)    a
[2] 'a 3 2 8'

s=[3 2 8]
   i = 2    j = 1    x = 8   (field[2][1] = 0)    a
[1] 'a 3 3 9'

s=[3 3 9]
   i = 2    j = 2    x = 9   (field[2][2] = 0)    a

1. a 0 0


2. a 0 0


---------
