
Соединен с: Oracle9i Enterprise Edition Release 9.2.0.1.0 - Production
With the Partitioning, OLAP and Oracle Data Mining options
JServer Release 9.2.0.1.0 - Production
Экспорт сделан с код.таблицами RU8PC866 и AL16UTF16 NCHAR
сервер использует кодировку CL8MSWIN1251 (возможно перекодирование)

Готовится экспорт всей базы данных  ...
. экспорт определений разделов
. экспорт профилей
. экспорт определений пользователя
. экспорт ролей
. затраты на экспорт
. экспорт определений сегмента отката
. экспорт связей базы данных
. экспорт порядковых номеров
. экспортируются псевдонимы каталогов
. экспортируются пространства имен контекста
. экспортируются имена библиотек внешних функций
. экспортируются синонимы типа PUBLIC
. экспортируются синонимы закрытого типа
. экспортируются определения типов объектов
. экспортируются системные процедурные объекты и действия
. экспортируются pre-schema процедурные объекты и действия
. экспорт определений кластеров
Готовится экспорт таблиц SYSTEM чеpез обычный маpшpут ...
. . экспорт таблицы       AQ$_INTERNET_AGENT_PRIVSЭкспортировано           0 строк
EXP-00091: Экспортируется недостоверная статистика
. . экспорт таблицы            AQ$_INTERNET_AGENTSЭкспортировано           0 строк
. . экспорт таблицы                    DEF$_AQCALLЭкспортировано           0 строк
EXP-00091: Экспортируется недостоверная статистика
. . экспорт таблицы                   DEF$_AQERRORЭкспортировано           0 строк
. . экспорт таблицы                  DEF$_CALLDESTЭкспортировано           0 строк
EXP-00091: Экспортируется недостоверная статистика
EXP-00091: Экспортируется недостоверная статистика
. . экспорт таблицы               DEF$_DEFAULTDESTЭкспортировано           0 строк
EXP-00091: Экспортируется недостоверная статистика
. . экспорт таблицы               DEF$_DESTINATIONЭкспортировано           0 строк
EXP-00091: Экспортируется недостоверная статистика
. . экспорт таблицы                     DEF$_ERRORЭкспортировано           0 строк
EXP-00091: Экспортируется недостоверная статистика
. . экспорт таблицы                       DEF$_LOBЭкспортировано           0 строк
EXP-00091: Экспортируется недостоверная статистика
EXP-00091: Экспортируется недостоверная статистика
. . экспорт таблицы                    DEF$_ORIGINЭкспортировано           0 строк
. . экспорт таблицы                DEF$_PROPAGATORЭкспортировано           0 строк
EXP-00091: Экспортируется недостоверная статистика
. . экспорт таблицы       DEF$_PUSHED_TRANSACTIONSЭкспортировано           0 строк
EXP-00091: Экспортируется недостоверная статистика
. . экспорт таблицы                  DEF$_TEMP$LOBЭкспортировано           0 строк
. . экспорт таблицы                           HELPЭкспортировано         918 строк
EXP-00091: Экспортируется недостоверная статистика
. . экспорт таблицы       LOGSTDBY$APPLY_MILESTONEЭкспортировано           0 строк
. . экспорт таблицы        LOGSTDBY$APPLY_PROGRESS
. . экспорт раздела                             P0Экспортировано           0 строк
. . экспорт таблицы                LOGSTDBY$EVENTSЭкспортировано           0 строк
. . экспорт таблицы            LOGSTDBY$PARAMETERSЭкспортировано           0 строк
. . экспорт таблицы                 LOGSTDBY$PLSQLЭкспортировано           0 строк
. . экспорт таблицы                   LOGSTDBY$SCNЭкспортировано           0 строк
. . экспорт таблицы                  LOGSTDBY$SKIPЭкспортировано           0 строк
. . экспорт таблицы      LOGSTDBY$SKIP_TRANSACTIONЭкспортировано           0 строк
. . экспорт таблицы               MVIEW$_ADV_INDEXЭкспортировано           0 строк
. . экспорт таблицы           MVIEW$_ADV_PARTITIONЭкспортировано           0 строк
. . экспорт таблицы        REPCAT$_AUDIT_ATTRIBUTEЭкспортировано           2 строк
EXP-00091: Экспортируется недостоверная статистика
. . экспорт таблицы           REPCAT$_AUDIT_COLUMNЭкспортировано           0 строк
EXP-00091: Экспортируется недостоверная статистика
. . экспорт таблицы           REPCAT$_COLUMN_GROUPЭкспортировано           0 строк
EXP-00091: Экспортируется недостоверная статистика
. . экспорт таблицы               REPCAT$_CONFLICTЭкспортировано           0 строк
EXP-00091: Экспортируется недостоверная статистика
. . экспорт таблицы                    REPCAT$_DDLЭкспортировано           0 строк
EXP-00091: Экспортируется недостоверная статистика
EXP-00091: Экспортируется недостоверная статистика
. . экспорт таблицы             REPCAT$_EXCEPTIONSЭкспортировано           0 строк
EXP-00091: Экспортируется недостоверная статистика
. . экспорт таблицы              REPCAT$_EXTENSIONЭкспортировано           0 строк
. . экспорт таблицы         REPCAT$_FLAVOR_OBJECTSЭкспортировано           0 строк
EXP-00091: Экспортируется недостоверная статистика
EXP-00091: Экспортируется недостоверная статистика
EXP-00091: Экспортируется недостоверная статистика
EXP-00091: Экспортируется недостоверная статистика
. . экспорт таблицы                REPCAT$_FLAVORSЭкспортировано           0 строк
EXP-00091: Экспортируется недостоверная статистика
EXP-00091: Экспортируется недостоверная статистика
EXP-00091: Экспортируется недостоверная статистика
EXP-00091: Экспортируется недостоверная статистика
. . экспорт таблицы              REPCAT$_GENERATEDЭкспортировано           0 строк
EXP-00091: Экспортируется недостоверная статистика
EXP-00091: Экспортируется недостоверная статистика
EXP-00091: Экспортируется недостоверная статистика
. . экспорт таблицы         REPCAT$_GROUPED_COLUMNЭкспортировано           0 строк
EXP-00091: Экспортируется недостоверная статистика
EXP-00091: Экспортируется недостоверная статистика
. . экспорт таблицы      REPCAT$_INSTANTIATION_DDLЭкспортировано           0 строк
EXP-00091: Экспортируется недостоверная статистика
. . экспорт таблицы            REPCAT$_KEY_COLUMNSЭкспортировано           0 строк
EXP-00091: Экспортируется недостоверная статистика
EXP-00091: Экспортируется недостоверная статистика
. . экспорт таблицы           REPCAT$_OBJECT_PARMSЭкспортировано           0 строк
EXP-00091: Экспортируется недостоверная статистика
EXP-00091: Экспортируется недостоверная статистика
. . экспорт таблицы           REPCAT$_OBJECT_TYPESЭкспортировано          28 строк
EXP-00091: Экспортируется недостоверная статистика
. . экспорт таблицы       REPCAT$_PARAMETER_COLUMNЭкспортировано           0 строк
EXP-00091: Экспортируется недостоверная статистика
EXP-00091: Экспортируется недостоверная статистика
. . экспорт таблицы               REPCAT$_PRIORITYЭкспортировано           0 строк
EXP-00091: Экспортируется недостоверная статистика
EXP-00091: Экспортируется недостоверная статистика
. . экспорт таблицы         REPCAT$_PRIORITY_GROUPЭкспортировано           0 строк
EXP-00091: Экспортируется недостоверная статистика
EXP-00091: Экспортируется недостоверная статистика
. . экспорт таблицы      REPCAT$_REFRESH_TEMPLATESЭкспортировано           0 строк
EXP-00091: Экспортируется недостоверная статистика
EXP-00091: Экспортируется недостоверная статистика
. . экспорт таблицы                 REPCAT$_REPCATЭкспортировано           0 строк
EXP-00091: Экспортируется недостоверная статистика
. . экспорт таблицы              REPCAT$_REPCATLOGЭкспортировано           0 строк
EXP-00091: Экспортируется недостоверная статистика
EXP-00091: Экспортируется недостоверная статистика
. . экспорт таблицы              REPCAT$_REPCOLUMNЭкспортировано           0 строк
EXP-00091: Экспортируется недостоверная статистика
EXP-00091: Экспортируется недостоверная статистика
. . экспорт таблицы         REPCAT$_REPGROUP_PRIVSЭкспортировано           0 строк
EXP-00091: Экспортируется недостоверная статистика
EXP-00091: Экспортируется недостоверная статистика
EXP-00091: Экспортируется недостоверная статистика
. . экспорт таблицы              REPCAT$_REPOBJECTЭкспортировано           0 строк
EXP-00091: Экспортируется недостоверная статистика
EXP-00091: Экспортируется недостоверная статистика
EXP-00091: Экспортируется недостоверная статистика
. . экспорт таблицы                REPCAT$_REPPROPЭкспортировано           0 строк
EXP-00091: Экспортируется недостоверная статистика
EXP-00091: Экспортируется недостоверная статистика
EXP-00091: Экспортируется недостоверная статистика
EXP-00091: Экспортируется недостоверная статистика
EXP-00091: Экспортируется недостоверная статистика
. . экспорт таблицы              REPCAT$_REPSCHEMAЭкспортировано           0 строк
EXP-00091: Экспортируется недостоверная статистика
EXP-00091: Экспортируется недостоверная статистика
EXP-00091: Экспортируется недостоверная статистика
. . экспорт таблицы    REPCAT$_RESOL_STATS_CONTROLЭкспортировано           0 строк
EXP-00091: Экспортируется недостоверная статистика
. . экспорт таблицы             REPCAT$_RESOLUTIONЭкспортировано           0 строк
EXP-00091: Экспортируется недостоверная статистика
EXP-00091: Экспортируется недостоверная статистика
EXP-00091: Экспортируется недостоверная статистика
. . экспорт таблицы      REPCAT$_RESOLUTION_METHODЭкспортировано          19 строк
EXP-00091: Экспортируется недостоверная статистика
. . экспорт таблицы  REPCAT$_RESOLUTION_STATISTICSЭкспортировано           0 строк
EXP-00091: Экспортируется недостоверная статистика
. . экспорт таблицы          REPCAT$_RUNTIME_PARMSЭкспортировано           0 строк
EXP-00091: Экспортируется недостоверная статистика
. . экспорт таблицы           REPCAT$_SITE_OBJECTSЭкспортировано           0 строк
EXP-00091: Экспортируется недостоверная статистика
EXP-00091: Экспортируется недостоверная статистика
. . экспорт таблицы              REPCAT$_SITES_NEWЭкспортировано           0 строк
EXP-00091: Экспортируется недостоверная статистика
EXP-00091: Экспортируется недостоверная статистика
EXP-00091: Экспортируется недостоверная статистика
. . экспорт таблицы              REPCAT$_SNAPGROUPЭкспортировано           0 строк
EXP-00091: Экспортируется недостоверная статистика
. . экспорт таблицы       REPCAT$_TEMPLATE_OBJECTSЭкспортировано           0 строк
EXP-00091: Экспортируется недостоверная статистика
EXP-00091: Экспортируется недостоверная статистика
EXP-00091: Экспортируется недостоверная статистика
EXP-00091: Экспортируется недостоверная статистика
. . экспорт таблицы         REPCAT$_TEMPLATE_PARMSЭкспортировано           0 строк
EXP-00091: Экспортируется недостоверная статистика
EXP-00091: Экспортируется недостоверная статистика
. . экспорт таблицы     REPCAT$_TEMPLATE_REFGROUPSЭкспортировано           0 строк
EXP-00091: Экспортируется недостоверная статистика
EXP-00091: Экспортируется недостоверная статистика
EXP-00091: Экспортируется недостоверная статистика
. . экспорт таблицы         REPCAT$_TEMPLATE_SITESЭкспортировано           0 строк
EXP-00091: Экспортируется недостоверная статистика
EXP-00091: Экспортируется недостоверная статистика
. . экспорт таблицы        REPCAT$_TEMPLATE_STATUSЭкспортировано           3 строк
EXP-00091: Экспортируется недостоверная статистика
. . экспорт таблицы       REPCAT$_TEMPLATE_TARGETSЭкспортировано           0 строк
EXP-00091: Экспортируется недостоверная статистика
EXP-00091: Экспортируется недостоверная статистика
. . экспорт таблицы         REPCAT$_TEMPLATE_TYPESЭкспортировано           2 строк
EXP-00091: Экспортируется недостоверная статистика
. . экспорт таблицы    REPCAT$_USER_AUTHORIZATIONSЭкспортировано           0 строк
EXP-00091: Экспортируется недостоверная статистика
EXP-00091: Экспортируется недостоверная статистика
EXP-00091: Экспортируется недостоверная статистика
. . экспорт таблицы       REPCAT$_USER_PARM_VALUESЭкспортировано           0 строк
EXP-00091: Экспортируется недостоверная статистика
EXP-00091: Экспортируется недостоверная статистика
. . экспорт таблицы        SQLPLUS_PRODUCT_PROFILEЭкспортировано           0 строк
Готовится экспорт таблиц OUTLN чеpез обычный маpшpут ...
. . экспорт таблицы                            OL$Экспортировано           0 строк
EXP-00091: Экспортируется недостоверная статистика
EXP-00091: Экспортируется недостоверная статистика
. . экспорт таблицы                       OL$HINTSЭкспортировано           0 строк
EXP-00091: Экспортируется недостоверная статистика
. . экспорт таблицы                       OL$NODESЭкспортировано           0 строк
Готовится экспорт таблиц DBSNMP чеpез обычный маpшpут ...
Готовится экспорт таблиц WMSYS чеpез обычный маpшpут ...
. . экспорт таблицы              WM$ADT_FUNC_TABLEЭкспортировано           0 строк
EXP-00091: Экспортируется недостоверная статистика
. . экспорт таблицы                    WM$ENV_VARSЭкспортировано           1 строк
EXP-00091: Экспортируется недостоверная статистика
. . экспорт таблицы       WM$INSTEADOF_TRIGS_TABLEЭкспортировано           0 строк
EXP-00091: Экспортируется недостоверная статистика
. . экспорт таблицы               WM$LOCKROWS_INFOЭкспортировано           0 строк
EXP-00091: Экспортируется недостоверная статистика
. . экспорт таблицы             WM$MODIFIED_TABLESЭкспортировано           0 строк
EXP-00091: Экспортируется недостоверная статистика
EXP-00091: Экспортируется недостоверная статистика
. . экспорт таблицы                    WM$MW_TABLE
. . экспорт таблицы        WM$NESTED_COLUMNS_TABLEЭкспортировано           0 строк
EXP-00091: Экспортируется недостоверная статистика
. . экспорт таблицы               WM$NEXTVER_TABLEЭкспортировано           0 строк
EXP-00091: Экспортируется недостоверная статистика
EXP-00091: Экспортируется недостоверная статистика
. . экспорт таблицы           WM$REPLICATION_TABLEЭкспортировано           0 строк
. . экспорт таблицы    WM$RESOLVE_WORKSPACES_TABLEЭкспортировано           0 строк
EXP-00091: Экспортируется недостоверная статистика
. . экспорт таблицы                   WM$RIC_TABLEЭкспортировано           0 строк
EXP-00091: Экспортируется недостоверная статистика
EXP-00091: Экспортируется недостоверная статистика
EXP-00091: Экспортируется недостоверная статистика
. . экспорт таблицы          WM$RIC_TRIGGERS_TABLEЭкспортировано           0 строк
EXP-00091: Экспортируется недостоверная статистика
. . экспорт таблицы         WM$TMP_DBA_CONSTRAINTSЭкспортировано           0 строк
EXP-00091: Экспортируется недостоверная статистика
. . экспорт таблицы       WM$UDTRIG_DISPATCH_PROCSЭкспортировано           0 строк
EXP-00091: Экспортируется недостоверная статистика
. . экспорт таблицы                 WM$UDTRIG_INFOЭкспортировано           0 строк
EXP-00091: Экспортируется недостоверная статистика
EXP-00091: Экспортируется недостоверная статистика
. . экспорт таблицы            WM$VERSIONED_TABLESЭкспортировано           0 строк
. . экспорт таблицы  WM$VERSIONED_TABLES_UNDO_CODEЭкспортировано           0 строк
. . экспорт таблицы     WM$VERSION_HIERARCHY_TABLEЭкспортировано           1 строк
EXP-00091: Экспортируется недостоверная статистика
EXP-00091: Экспортируется недостоверная статистика
. . экспорт таблицы               WM$VERSION_TABLEЭкспортировано           0 строк
EXP-00091: Экспортируется недостоверная статистика
. . экспорт таблицы             WM$VT_ERRORS_TABLEЭкспортировано           0 строк
EXP-00091: Экспортируется недостоверная статистика
. . экспорт таблицы        WM$WORKSPACE_PRIV_TABLEЭкспортировано           8 строк
EXP-00091: Экспортируется недостоверная статистика
EXP-00091: Экспортируется недостоверная статистика
EXP-00091: Экспортируется недостоверная статистика
. . экспорт таблицы  WM$WORKSPACE_SAVEPOINTS_TABLEЭкспортировано           0 строк
EXP-00091: Экспортируется недостоверная статистика
EXP-00091: Экспортируется недостоверная статистика
. . экспорт таблицы            WM$WORKSPACES_TABLEЭкспортировано           1 строк
EXP-00091: Экспортируется недостоверная статистика
EXP-00091: Экспортируется недостоверная статистика
EXP-00091: Экспортируется недостоверная статистика
Готовится экспорт таблиц ANONYMOUS чеpез обычный маpшpут ...
Готовится экспорт таблиц WKSYS чеpез обычный маpшpут ...
. . экспорт таблицы               WK$_ATTR_MAPPINGЭкспортировано           0 строк
EXP-00091: Экспортируется недостоверная статистика
. . экспорт таблицы                 WK$_ATTR_USAGEЭкспортировано           0 строк
. . экспорт таблицы                  WK$_AUTHBASICЭкспортировано           0 строк
. . экспорт таблицы                     WK$CHARSETЭкспортировано          57 строк
EXP-00091: Экспортируется недостоверная статистика
. . экспорт таблицы             WK$_CRAWLER_CONFIGЭкспортировано           0 строк
EXP-00091: Экспортируется недостоверная статистика
. . экспорт таблицы      WK$CRAWLER_CONFIG_DEFAULTЭкспортировано          38 строк
. . экспорт таблицы              WK$_CRAWLER_SCHEDЭкспортировано           0 строк
. . экспорт таблицы               WK$_CRAWLER_STATЭкспортировано           0 строк
. . экспорт таблицы                WK$_DATA_SOURCEЭкспортировано           0 строк
. . экспорт таблицы          WK$_DATA_SOURCE_PARAMЭкспортировано           0 строк
EXP-00091: Экспортируется недостоверная статистика
. . экспорт таблицы      WK$_DATA_SOURCE_PARAM_VALЭкспортировано           0 строк
EXP-00091: Экспортируется недостоверная статистика
. . экспорт таблицы           WK$_DATA_SOURCE_TYPEЭкспортировано           0 строк
EXP-00091: Экспортируется недостоверная статистика
. . экспорт таблицы                   WK$_DOC_ATTRЭкспортировано           0 строк
. . экспорт таблицы           WK$_GROUP_DS_MAPPINGЭкспортировано           0 строк
. . экспорт таблицы                  WK$INST_ADMINЭкспортировано           0 строк
. . экспорт таблицы                    WK$INSTANCEЭкспортировано           0 строк
. . экспорт таблицы                   WK$_JOB_INFOЭкспортировано           0 строк
. . экспорт таблицы                        WK$LANGЭкспортировано          14 строк
. . экспорт таблицы                   WK$_MAILLISTЭкспортировано           0 строк
. . экспорт таблицы                   WK$MIMETYPESЭкспортировано          35 строк
EXP-00091: Экспортируется недостоверная статистика
. . экспорт таблицы                     WK$_PORTALЭкспортировано           0 строк
. . экспорт таблицы              WK$_PORTAL_DS_MAPЭкспортировано           0 строк
. . экспорт таблицы              WK$_SCHED_MAPPINGЭкспортировано           0 строк
. . экспорт таблицы                WK$_SEARCH_ATTRЭкспортировано           0 строк
. . экспорт таблицы             WK$_SEARCH_ATTR_TLЭкспортировано           0 строк
. . экспорт таблицы                     WK$SNP_DEP
. . экспорт таблицы                     WK$SNP_TAB
. . экспорт таблицы               WK$_SOURCE_GROUPЭкспортировано           0 строк
. . экспорт таблицы            WK$_SOURCE_GROUP_TLЭкспортировано           0 строк
. . экспорт таблицы                  WK$SUBSCRIBERЭкспортировано           0 строк
. . экспорт таблицы                  WK$_SYS_ADMINЭкспортировано           0 строк
. . экспорт таблицы                  WK$SYS_CONFIGЭкспортировано           1 строк
. . экспорт таблицы                    WK$_SYSINFOЭкспортировано           0 строк
. . экспорт таблицы                    WK$SYS_PRIVЭкспортировано           0 строк
. . экспорт таблицы                    WK$_TDS_LOGЭкспортировано           0 строк
. . экспорт таблицы                      WK$_TRACEЭкспортировано           0 строк
Готовится экспорт таблиц WKPROXY чеpез обычный маpшpут ...
Готовится экспорт таблиц ODM чеpез обычный маpшpут ...
. . экспорт таблицы          CREATE$JAVA$LOB$TABLEЭкспортировано           0 строк
EXP-00091: Экспортируется недостоверная статистика
. . экспорт таблицы                DMS_QUEUE_TABLEЭкспортировано           0 строк
. . экспорт таблицы           JAVA$CLASS$MD5$TABLEЭкспортировано           0 строк
EXP-00091: Экспортируется недостоверная статистика
. . экспорт таблицы                  ODM_A_I_MODELЭкспортировано           0 строк
EXP-00091: Экспортируется недостоверная статистика
. . экспорт таблицы               ODM_APPLY_RESULTЭкспортировано           0 строк
EXP-00091: Экспортируется недостоверная статистика
EXP-00091: Экспортируется недостоверная статистика
. . экспорт таблицы      ODM_CATEGORY_MATRIX_ENTRYЭкспортировано           0 строк
EXP-00091: Экспортируется недостоверная статистика
. . экспорт таблицы ODM_CLASSIFICATION_TEST_RESULTЭкспортировано           0 строк
EXP-00091: Экспортируется недостоверная статистика
. . экспорт таблицы                    ODM_CLUSTERЭкспортировано           0 строк
. . экспорт таблицы             CENTROID_NESTEDTABЭкспортировано           0 строк
. . экспорт таблицы                CHILD_NESTEDTABЭкспортировано           0 строк
. . экспорт таблицы            HISTOGRAM_NESTEDTABЭкспортировано           0 строк
. . экспорт таблицы              ENTRIES_NESTEDTABЭкспортировано           0 строк
. . экспорт таблицы      SPLIT_PREDICATE_NESTEDTABЭкспортировано           0 строк
. . экспорт таблицы                VALUE_NESTEDTABЭкспортировано           0 строк
. . экспорт таблицы               ODM_CLUSTER_RULEЭкспортировано           0 строк
. . экспорт таблицы           ANTECEDENT_NESTEDTABЭкспортировано           0 строк
. . экспорт таблицы    CLUSTER_PREDICATE_NESTEDTABЭкспортировано           0 строк
. . экспорт таблицы           RULE_VALUE_NESTEDTABЭкспортировано           0 строк
. . экспорт таблицы              ODM_CONFIGURATIONЭкспортировано          25 строк
EXP-00091: Экспортируется недостоверная статистика
. . экспорт таблицы                ODM_ERROR_TABLEЭкспортировано         342 строк
. . экспорт таблицы             ODM_I_I_ANTECEDENTЭкспортировано           0 строк
. . экспорт таблицы                   ODM_I_I_RULEЭкспортировано           0 строк
EXP-00091: Экспортируется недостоверная статистика
. . экспорт таблицы     ODM_INTERNAL_CONFIGURATIONЭкспортировано          19 строк
EXP-00091: Экспортируется недостоверная статистика
. . экспорт таблицы                 ODM_ITEM_PRIORЭкспортировано           0 строк
. . экспорт таблицы                ODM_LIFT_RESULTЭкспортировано           0 строк
EXP-00091: Экспортируется недостоверная статистика
EXP-00091: Экспортируется недостоверная статистика
. . экспорт таблицы          ODM_LIFT_RESULT_ENTRYЭкспортировано           0 строк
. . экспорт таблицы                ODM_MESSAGE_LOGЭкспортировано           0 строк
EXP-00091: Экспортируется недостоверная статистика
. . экспорт таблицы   ODM_MINING_FUNCTION_SETTINGSЭкспортировано           0 строк
EXP-00091: Экспортируется недостоверная статистика
. . экспорт таблицы               ODM_MINING_MODELЭкспортировано           0 строк
EXP-00091: Экспортируется недостоверная статистика
. . экспорт таблицы                ODM_MINING_TASKЭкспортировано           0 строк
EXP-00091: Экспортируется недостоверная статистика
EXP-00091: Экспортируется недостоверная статистика
. . экспорт таблицы          ODM_MINING_TASK_STATEЭкспортировано           0 строк
. . экспорт таблицы        ODM_MODEL_SEEKER_RESULTЭкспортировано           0 строк
EXP-00091: Экспортируется недостоверная статистика
EXP-00091: Экспортируется недостоверная статистика
. . экспорт таблицы            ODM_MS_RESULT_ENTRYЭкспортировано           0 строк
EXP-00091: Экспортируется недостоверная статистика
. . экспорт таблицы             ODM_P_I_ITEM_RULESЭкспортировано           0 строк
. . экспорт таблицы                   ODM_PMML_DTDЭкспортировано           1 строк
. . экспорт таблицы                ODM_TEST_RESULTЭкспортировано           0 строк
EXP-00091: Экспортируется недостоверная статистика
EXP-00091: Экспортируется недостоверная статистика
Готовится экспорт таблиц ODM_MTR чеpез обычный маpшpут ...
. . экспорт таблицы         CENSUS_2D_APPLY_BINNEDЭкспортировано        1226 строк
. . экспорт таблицы       CENSUS_2D_APPLY_UNBINNEDЭкспортировано        1226 строк
. . экспорт таблицы         CENSUS_2D_BUILD_BINNEDЭкспортировано        2940 строк
. . экспорт таблицы       CENSUS_2D_BUILD_UNBINNEDЭкспортировано        2940 строк
. . экспорт таблицы          CENSUS_2D_TEST_BINNEDЭкспортировано         834 строк
. . экспорт таблицы        CENSUS_2D_TEST_UNBINNEDЭкспортировано         834 строк
. . экспорт таблицы    EIGHT_CLOUDS_APPLY_UNBINNEDЭкспортировано        4000 строк
. . экспорт таблицы    EIGHT_CLOUDS_BUILD_UNBINNEDЭкспортировано        4000 строк
. . экспорт таблицы       MAGAZINE_2D_BUILD_BINNEDЭкспортировано        6012 строк
. . экспорт таблицы        MAGAZINE_2D_TEST_BINNEDЭкспортировано        2613 строк
. . экспорт таблицы        MARKET_BASKET_TX_BINNEDЭкспортировано        3800 строк
. . экспорт таблицы        MARKET_BASKET_2D_BINNEDЭкспортировано        1000 строк
Готовится экспорт таблиц OLAPSYS чеpез обычный маpшpут ...
. . экспорт таблицы                   CWM$ARGUMENTЭкспортировано           0 строк
EXP-00091: Экспортируется недостоверная статистика
EXP-00091: Экспортируется недостоверная статистика
EXP-00091: Экспортируется недостоверная статистика
. . экспорт таблицы             CWM$CLASSIFICATIONЭкспортировано          24 строк
EXP-00091: Экспортируется недостоверная статистика
EXP-00091: Экспортируется недостоверная статистика
EXP-00091: Экспортируется недостоверная статистика
. . экспорт таблицы        CWM$CLASSIFICATIONENTRYЭкспортировано          66 строк
EXP-00091: Экспортируется недостоверная статистика
EXP-00091: Экспортируется недостоверная статистика
EXP-00091: Экспортируется недостоверная статистика
. . экспорт таблицы         CWM$CLASSIFICATIONTYPEЭкспортировано          10 строк
EXP-00091: Экспортируется недостоверная статистика
EXP-00091: Экспортируется недостоверная статистика
. . экспорт таблицы                       CWM$CUBEЭкспортировано           2 строк
EXP-00091: Экспортируется недостоверная статистика
EXP-00091: Экспортируется недостоверная статистика
. . экспорт таблицы           CWM$CUBEDIMENSIONUSEЭкспортировано           7 строк
EXP-00091: Экспортируется недостоверная статистика
EXP-00091: Экспортируется недостоверная статистика
EXP-00091: Экспортируется недостоверная статистика
EXP-00091: Экспортируется недостоверная статистика
EXP-00091: Экспортируется недостоверная статистика
. . экспорт таблицы                  CWM$DIMENSIONЭкспортировано           5 строк
EXP-00091: Экспортируется недостоверная статистика
EXP-00091: Экспортируется недостоверная статистика
. . экспорт таблицы         CWM$DIMENSIONATTRIBUTEЭкспортировано          23 строк
EXP-00091: Экспортируется недостоверная статистика
EXP-00091: Экспортируется недостоверная статистика
. . экспорт таблицы                     CWM$DOMAINЭкспортировано          21 строк
EXP-00091: Экспортируется недостоверная статистика
. . экспорт таблицы             CWM$FACTLEVELGROUPЭкспортировано           2 строк
EXP-00091: Экспортируется недостоверная статистика
. . экспорт таблицы               CWM$FACTLEVELUSEЭкспортировано           7 строк
EXP-00091: Экспортируется недостоверная статистика
EXP-00091: Экспортируется недостоверная статистика
EXP-00091: Экспортируется недостоверная статистика
EXP-00091: Экспортируется недостоверная статистика
. . экспорт таблицы               CWM$FACTTABLEMAPЭкспортировано           2 строк
EXP-00091: Экспортируется недостоверная статистика
EXP-00091: Экспортируется недостоверная статистика
. . экспорт таблицы                    CWM$FACTUSEЭкспортировано           4 строк
EXP-00091: Экспортируется недостоверная статистика
EXP-00091: Экспортируется недостоверная статистика
EXP-00091: Экспортируется недостоверная статистика
EXP-00091: Экспортируется недостоверная статистика
EXP-00091: Экспортируется недостоверная статистика
. . экспорт таблицы                   CWM$FUNCTIONЭкспортировано          13 строк
EXP-00091: Экспортируется недостоверная статистика
EXP-00091: Экспортируется недостоверная статистика
. . экспорт таблицы                CWM$FUNCTIONUSEЭкспортировано           4 строк
EXP-00091: Экспортируется недостоверная статистика
EXP-00091: Экспортируется недостоверная статистика
EXP-00091: Экспортируется недостоверная статистика
. . экспорт таблицы                  CWM$HIERARCHYЭкспортировано           7 строк
EXP-00091: Экспортируется недостоверная статистика
EXP-00091: Экспортируется недостоверная статистика
. . экспорт таблицы                    CWM$ITEMMAPЭкспортировано          59 строк
EXP-00091: Экспортируется недостоверная статистика
. . экспорт таблицы                    CWM$ITEMUSEЭкспортировано         118 строк
EXP-00091: Экспортируется недостоверная статистика
EXP-00091: Экспортируется недостоверная статистика
EXP-00091: Экспортируется недостоверная статистика
EXP-00091: Экспортируется недостоверная статистика
EXP-00091: Экспортируется недостоверная статистика
. . экспорт таблицы                      CWM$LEVELЭкспортировано          27 строк
EXP-00091: Экспортируется недостоверная статистика
EXP-00091: Экспортируется недостоверная статистика
. . экспорт таблицы             CWM$LEVELATTRIBUTEЭкспортировано          67 строк
EXP-00091: Экспортируется недостоверная статистика
EXP-00091: Экспортируется недостоверная статистика
. . экспорт таблицы                    CWM$MEASUREЭкспортировано           4 строк
EXP-00091: Экспортируется недостоверная статистика
EXP-00091: Экспортируется недостоверная статистика
. . экспорт таблицы        CWM$MEASUREDIMENSIONUSEЭкспортировано           4 строк
EXP-00091: Экспортируется недостоверная статистика
EXP-00091: Экспортируется недостоверная статистика
EXP-00091: Экспортируется недостоверная статистика
. . экспорт таблицы                      CWM$MODELЭкспортировано           3 строк
EXP-00091: Экспортируется недостоверная статистика
EXP-00091: Экспортируется недостоверная статистика
. . экспорт таблицы                 CWM$OBJECTTYPEЭкспортировано          10 строк
EXP-00091: Экспортируется недостоверная статистика
EXP-00091: Экспортируется недостоверная статистика
. . экспорт таблицы                  CWM$PARAMETERЭкспортировано           5 строк
EXP-00091: Экспортируется недостоверная статистика
EXP-00091: Экспортируется недостоверная статистика
. . экспорт таблицы                    CWM$PROJECTЭкспортировано           3 строк
EXP-00091: Экспортируется недостоверная статистика
EXP-00091: Экспортируется недостоверная статистика
. . экспорт таблицы           CWM2$AW_DIMENSIONMAPЭкспортировано           0 строк
EXP-00091: Экспортируется недостоверная статистика
. . экспорт таблицы          CWM2$AWLOGICALATTRUSEЭкспортировано           0 строк
EXP-00091: Экспортируется недостоверная статистика
. . экспорт таблицы           CWM2$AWLOGICALDIMUSEЭкспортировано           0 строк
EXP-00091: Экспортируется недостоверная статистика
. . экспорт таблицы          CWM2$AWLOGICALHIERUSEЭкспортировано           0 строк
EXP-00091: Экспортируется недостоверная статистика
. . экспорт таблицы         CWM2$AWLOGICALLEVELUSEЭкспортировано           0 строк
EXP-00091: Экспортируется недостоверная статистика
. . экспорт таблицы          CWM2$AWLOGICALMEASUSEЭкспортировано           0 строк
EXP-00091: Экспортируется недостоверная статистика
. . экспорт таблицы   CWM2$AWLOGICALOBJLIMITSETUSEЭкспортировано           0 строк
. . экспорт таблицы             CWM2$AW_MEASUREMAPЭкспортировано           0 строк
EXP-00091: Экспортируется недостоверная статистика
. . экспорт таблицы             CWM2$AWPHYSICALOBJЭкспортировано           0 строк
EXP-00091: Экспортируется недостоверная статистика
. . экспорт таблицы          CWM2$AWPHYSICALOBJEXTЭкспортировано           0 строк
EXP-00091: Экспортируется недостоверная статистика
. . экспорт таблицы        CWM2$AWPHYSICALOBJPROPSЭкспортировано           0 строк
EXP-00091: Экспортируется недостоверная статистика
. . экспорт таблицы  CWM2$AWPHYSICALOBJRELATEDOBJSЭкспортировано           0 строк
EXP-00091: Экспортируется недостоверная статистика
. . экспорт таблицы                      CWM2$CUBEЭкспортировано           0 строк
EXP-00091: Экспортируется недостоверная статистика
. . экспорт таблицы          CWM2$CUBEDIMENSIONUSEЭкспортировано           0 строк
EXP-00091: Экспортируется недостоверная статистика
. . экспорт таблицы                 CWM2$DIMENSIONЭкспортировано           0 строк
EXP-00091: Экспортируется недостоверная статистика
. . экспорт таблицы        CWM2$DIMENSIONATTRIBUTEЭкспортировано           0 строк
EXP-00091: Экспортируется недостоверная статистика
. . экспорт таблицы             CWM2$DIMHIERLVLMAPЭкспортировано           0 строк
EXP-00091: Экспортируется недостоверная статистика
. . экспорт таблицы            CWM2$FACTDIMHIERMAPЭкспортировано           0 строк
EXP-00091: Экспортируется недостоверная статистика
. . экспорт таблицы        CWM2$FACTDIMHIERTPLSDTLЭкспортировано           0 строк
EXP-00091: Экспортируется недостоверная статистика
. . экспорт таблицы      CWM2$FACTKEYDIMHIERLVLMAPЭкспортировано           0 строк
EXP-00091: Экспортируется недостоверная статистика
. . экспорт таблицы         CWM2$FACTKEYDIMHIERMAPЭкспортировано           0 строк
EXP-00091: Экспортируется недостоверная статистика
. . экспорт таблицы                 CWM2$HIERARCHYЭкспортировано           0 строк
EXP-00091: Экспортируется недостоверная статистика
. . экспорт таблицы            CWM2$HIERCUSTOMSORTЭкспортировано           0 строк
. . экспорт таблицы              CWM2$HIERLEVELRELЭкспортировано           0 строк
EXP-00091: Экспортируется недостоверная статистика
. . экспорт таблицы                     CWM2$LEVELЭкспортировано           0 строк
EXP-00091: Экспортируется недостоверная статистика
. . экспорт таблицы            CWM2$LEVELATTRIBUTEЭкспортировано           0 строк
EXP-00091: Экспортируется недостоверная статистика
. . экспорт таблицы         CWM2$LEVELATTRIBUTEMAPЭкспортировано           0 строк
EXP-00091: Экспортируется недостоверная статистика
. . экспорт таблицы                   CWM2$MEASUREЭкспортировано           0 строк
EXP-00091: Экспортируется недостоверная статистика
. . экспорт таблицы           CWM2$MEASURETABLEMAPЭкспортировано           0 строк
EXP-00091: Экспортируется недостоверная статистика
. . экспорт таблицы          CWM2$OLAPMANAGERTABLE
. . экспорт таблицы          CWM2$STOREDDIMLVLTPLSЭкспортировано           0 строк
. . экспорт таблицы       CWM2$STOREDDIMLVLTPLSDTLЭкспортировано           0 строк
Готовится экспорт таблиц HR чеpез обычный маpшpут ...
. . экспорт таблицы                      COUNTRIESЭкспортировано          25 строк
. . экспорт таблицы                    DEPARTMENTSЭкспортировано          27 строк
EXP-00091: Экспортируется недостоверная статистика
EXP-00091: Экспортируется недостоверная статистика
EXP-00091: Экспортируется недостоверная статистика
. . экспорт таблицы                      EMPLOYEESЭкспортировано         107 строк
EXP-00091: Экспортируется недостоверная статистика
EXP-00091: Экспортируется недостоверная статистика
EXP-00091: Экспортируется недостоверная статистика
EXP-00091: Экспортируется недостоверная статистика
EXP-00091: Экспортируется недостоверная статистика
EXP-00091: Экспортируется недостоверная статистика
EXP-00091: Экспортируется недостоверная статистика
. . экспорт таблицы                    JOB_HISTORYЭкспортировано          10 строк
EXP-00091: Экспортируется недостоверная статистика
EXP-00091: Экспортируется недостоверная статистика
EXP-00091: Экспортируется недостоверная статистика
EXP-00091: Экспортируется недостоверная статистика
EXP-00091: Экспортируется недостоверная статистика
. . экспорт таблицы                           JOBSЭкспортировано          19 строк
EXP-00091: Экспортируется недостоверная статистика
EXP-00091: Экспортируется недостоверная статистика
. . экспорт таблицы                      LOCATIONSЭкспортировано          23 строк
EXP-00091: Экспортируется недостоверная статистика
EXP-00091: Экспортируется недостоверная статистика
EXP-00091: Экспортируется недостоверная статистика
EXP-00091: Экспортируется недостоверная статистика
EXP-00091: Экспортируется недостоверная статистика
. . экспорт таблицы                        REGIONSЭкспортировано           4 строк
EXP-00091: Экспортируется недостоверная статистика
EXP-00091: Экспортируется недостоверная статистика
Готовится экспорт таблиц OE чеpез обычный маpшpут ...
. . экспорт таблицы                 CATEGORIES_TABЭкспортировано          22 строк
. . экспорт таблицы     PRODUCT_REF_LIST_NESTEDTABЭкспортировано         288 строк
. . экспорт таблицы SUBCATEGORY_REF_LIST_NESTEDTABЭкспортировано          21 строк
. . экспорт таблицы                      CUSTOMERSЭкспортировано         319 строк
. . экспорт таблицы                    INVENTORIESЭкспортировано        1112 строк
EXP-00091: Экспортируется недостоверная статистика
EXP-00091: Экспортируется недостоверная статистика
EXP-00091: Экспортируется недостоверная статистика
EXP-00091: Экспортируется недостоверная статистика
. . экспорт таблицы                    ORDER_ITEMSЭкспортировано         665 строк
EXP-00091: Экспортируется недостоверная статистика
EXP-00091: Экспортируется недостоверная статистика
EXP-00091: Экспортируется недостоверная статистика
EXP-00091: Экспортируется недостоверная статистика
EXP-00091: Экспортируется недостоверная статистика
. . экспорт таблицы                         ORDERSЭкспортировано         105 строк
EXP-00091: Экспортируется недостоверная статистика
EXP-00091: Экспортируется недостоверная статистика
EXP-00091: Экспортируется недостоверная статистика
EXP-00091: Экспортируется недостоверная статистика
EXP-00091: Экспортируется недостоверная статистика
. . экспорт таблицы           PRODUCT_DESCRIPTIONSЭкспортировано        8640 строк
EXP-00091: Экспортируется недостоверная статистика
EXP-00091: Экспортируется недостоверная статистика
EXP-00091: Экспортируется недостоверная статистика
. . экспорт таблицы            PRODUCT_INFORMATIONЭкспортировано         288 строк
EXP-00091: Экспортируется недостоверная статистика
EXP-00091: Экспортируется недостоверная статистика
EXP-00091: Экспортируется недостоверная статистика
. . экспорт таблицы                     WAREHOUSESЭкспортировано           9 строк
Готовится экспорт таблиц PM чеpез обычный маpшpут ...
. . экспорт таблицы                   ONLINE_MEDIAЭкспортировано           9 строк
. . экспорт таблицы                    PRINT_MEDIAЭкспортировано           4 строк
. . экспорт таблицы             TEXTDOCS_NESTEDTABЭкспортировано          12 строк
Готовится экспорт таблиц SH чеpез обычный маpшpут ...
. . экспорт таблицы             CAL_MONTH_SALES_MVЭкспортировано          35 строк
. . экспорт таблицы                       CHANNELSЭкспортировано           5 строк
EXP-00091: Экспортируется недостоверная статистика
EXP-00091: Экспортируется недостоверная статистика
. . экспорт таблицы                          COSTS
. . экспорт раздела                  COSTS_Q1_1998Экспортировано       57879 строк
. . экспорт раздела                  COSTS_Q2_1998Экспортировано       58450 строк
. . экспорт раздела                  COSTS_Q3_1998Экспортировано       52570 строк
. . экспорт раздела                  COSTS_Q4_1998Экспортировано       65803 строк
. . экспорт раздела                  COSTS_Q1_1999Экспортировано       66940 строк
. . экспорт раздела                  COSTS_Q2_1999Экспортировано       67825 строк
. . экспорт раздела                  COSTS_Q3_1999Экспортировано       60968 строк
. . экспорт раздела                  COSTS_Q4_1999Экспортировано       75591 строк
. . экспорт раздела                  COSTS_Q1_2000Экспортировано       78468 строк
. . экспорт раздела                  COSTS_Q2_2000Экспортировано       78036 строк
. . экспорт раздела                  COSTS_Q3_2000Экспортировано       70424 строк
. . экспорт раздела                  COSTS_Q4_2000Экспортировано       54812 строк
EXP-00091: Экспортируется недостоверная статистика
. . экспорт таблицы                      COUNTRIESЭкспортировано          19 строк
EXP-00091: Экспортируется недостоверная статистика
EXP-00091: Экспортируется недостоверная статистика
. . экспорт таблицы                      CUSTOMERSЭкспортировано       50000 строк
EXP-00091: Экспортируется недостоверная статистика
EXP-00091: Экспортируется недостоверная статистика
. . экспорт таблицы           FWEEK_PSCAT_SALES_MVЭкспортировано      149325 строк
. . экспорт таблицы          MV_CAPABILITIES_TABLEЭкспортировано           0 строк
EXP-00091: Экспортируется недостоверная статистика
. . экспорт таблицы              MVIEW$_EXCEPTIONSЭкспортировано           0 строк
EXP-00091: Экспортируется недостоверная статистика
. . экспорт таблицы                     PLAN_TABLEЭкспортировано           0 строк
EXP-00091: Экспортируется недостоверная статистика
. . экспорт таблицы                       PRODUCTSЭкспортировано       10000 строк
EXP-00091: Экспортируется недостоверная статистика
EXP-00091: Экспортируется недостоверная статистика
EXP-00091: Экспортируется недостоверная статистика
EXP-00091: Экспортируется недостоверная статистика
. . экспорт таблицы                     PROMOTIONSЭкспортировано         501 строк
EXP-00091: Экспортируется недостоверная статистика
EXP-00091: Экспортируется недостоверная статистика
. . экспорт таблицы                  REWRITE_TABLEЭкспортировано           0 строк
EXP-00091: Экспортируется недостоверная статистика
. . экспорт таблицы                          SALES
. . экспорт раздела                     SALES_1995Экспортировано           0 строк
. . экспорт раздела                     SALES_1996Экспортировано           0 строк
. . экспорт раздела                  SALES_H1_1997Экспортировано           0 строк
. . экспорт раздела                  SALES_H2_1997Экспортировано           0 строк
. . экспорт раздела                  SALES_Q1_1998Экспортировано       71805 строк
. . экспорт раздела                  SALES_Q2_1998Экспортировано       72705 строк
. . экспорт раздела                  SALES_Q3_1998Экспортировано       63390 строк
. . экспорт раздела                  SALES_Q4_1998Экспортировано       83415 строк
. . экспорт раздела                  SALES_Q1_1999Экспортировано       86217 строк
. . экспорт раздела                  SALES_Q2_1999Экспортировано       87298 строк
. . экспорт раздела                  SALES_Q3_1999Экспортировано       76139 строк
. . экспорт раздела                  SALES_Q4_1999Экспортировано      100110 строк
. . экспорт раздела                  SALES_Q1_2000Экспортировано      104544 строк
. . экспорт раздела                  SALES_Q2_2000Экспортировано      104652 строк
. . экспорт раздела                  SALES_Q3_2000Экспортировано       91260 строк
. . экспорт раздела                  SALES_Q4_2000Экспортировано       74736 строк
EXP-00091: Экспортируется недостоверная статистика
. . экспорт таблицы         SALES_TRANSACTIONS_EXT
. . экспорт таблицы                          TIMESЭкспортировано        1461 строк
EXP-00091: Экспортируется недостоверная статистика
EXP-00091: Экспортируется недостоверная статистика
Готовится экспорт таблиц QS_ADM чеpез обычный маpшpут ...
Готовится экспорт таблиц QS чеpез обычный маpшpут ...
. . экспорт таблицы               AQ$_AQ$_MEM_MC_HЭкспортировано           0 строк
. . экспорт таблицы               AQ$_AQ$_MEM_MC_IЭкспортировано           0 строк
. . экспорт таблицы              AQ$_AQ$_MEM_MC_NRЭкспортировано           0 строк
. . экспорт таблицы               AQ$_AQ$_MEM_MC_SЭкспортировано           1 строк
. . экспорт таблицы               AQ$_AQ$_MEM_MC_TЭкспортировано           0 строк
. . экспорт таблицы                     AQ$_MEM_MCЭкспортировано           0 строк
. . экспорт таблицы       AQ$_QS_ORDERS_PR_MQTAB_HЭкспортировано           0 строк
. . экспорт таблицы       AQ$_QS_ORDERS_PR_MQTAB_IЭкспортировано           0 строк
. . экспорт таблицы      AQ$_QS_ORDERS_PR_MQTAB_NRЭкспортировано           0 строк
. . экспорт таблицы       AQ$_QS_ORDERS_PR_MQTAB_SЭкспортировано           1 строк
. . экспорт таблицы       AQ$_QS_ORDERS_PR_MQTAB_TЭкспортировано           0 строк
. . экспорт таблицы             QS_ORDERS_PR_MQTABЭкспортировано           0 строк
. . экспорт таблицы                QS_ORDERS_SQTABЭкспортировано           0 строк
Готовится экспорт таблиц QS_WS чеpез обычный маpшpут ...
. . экспорт таблицы       AQ$_QS_WS_ORDERS_MQTAB_HЭкспортировано           0 строк
. . экспорт таблицы       AQ$_QS_WS_ORDERS_MQTAB_IЭкспортировано           0 строк
. . экспорт таблицы      AQ$_QS_WS_ORDERS_MQTAB_NRЭкспортировано           0 строк
. . экспорт таблицы       AQ$_QS_WS_ORDERS_MQTAB_SЭкспортировано           5 строк
. . экспорт таблицы       AQ$_QS_WS_ORDERS_MQTAB_TЭкспортировано           0 строк
. . экспорт таблицы    AQ$_QS_WS_ORDERS_PR_MQTAB_HЭкспортировано           0 строк
. . экспорт таблицы    AQ$_QS_WS_ORDERS_PR_MQTAB_IЭкспортировано           0 строк
. . экспорт таблицы   AQ$_QS_WS_ORDERS_PR_MQTAB_NRЭкспортировано           0 строк
. . экспорт таблицы    AQ$_QS_WS_ORDERS_PR_MQTAB_SЭкспортировано           1 строк
. . экспорт таблицы    AQ$_QS_WS_ORDERS_PR_MQTAB_TЭкспортировано           0 строк
. . экспорт таблицы             QS_WS_ORDERS_MQTABЭкспортировано           0 строк
. . экспорт таблицы          QS_WS_ORDERS_PR_MQTABЭкспортировано           0 строк
Готовится экспорт таблиц QS_ES чеpез обычный маpшpут ...
. . экспорт таблицы       AQ$_QS_ES_ORDERS_MQTAB_HЭкспортировано           0 строк
. . экспорт таблицы       AQ$_QS_ES_ORDERS_MQTAB_IЭкспортировано           0 строк
. . экспорт таблицы      AQ$_QS_ES_ORDERS_MQTAB_NRЭкспортировано           0 строк
. . экспорт таблицы       AQ$_QS_ES_ORDERS_MQTAB_SЭкспортировано           1 строк
. . экспорт таблицы       AQ$_QS_ES_ORDERS_MQTAB_TЭкспортировано           0 строк
. . экспорт таблицы    AQ$_QS_ES_ORDERS_PR_MQTAB_HЭкспортировано           0 строк
. . экспорт таблицы    AQ$_QS_ES_ORDERS_PR_MQTAB_IЭкспортировано           0 строк
. . экспорт таблицы   AQ$_QS_ES_ORDERS_PR_MQTAB_NRЭкспортировано           0 строк
. . экспорт таблицы    AQ$_QS_ES_ORDERS_PR_MQTAB_SЭкспортировано           1 строк
. . экспорт таблицы    AQ$_QS_ES_ORDERS_PR_MQTAB_TЭкспортировано           0 строк
. . экспорт таблицы             QS_ES_ORDERS_MQTABЭкспортировано           0 строк
. . экспорт таблицы          QS_ES_ORDERS_PR_MQTABЭкспортировано           0 строк
Готовится экспорт таблиц QS_OS чеpез обычный маpшpут ...
. . экспорт таблицы       AQ$_QS_OS_ORDERS_MQTAB_HЭкспортировано           0 строк
. . экспорт таблицы       AQ$_QS_OS_ORDERS_MQTAB_IЭкспортировано           0 строк
. . экспорт таблицы      AQ$_QS_OS_ORDERS_MQTAB_NRЭкспортировано           0 строк
. . экспорт таблицы       AQ$_QS_OS_ORDERS_MQTAB_SЭкспортировано           1 строк
. . экспорт таблицы       AQ$_QS_OS_ORDERS_MQTAB_TЭкспортировано           0 строк
. . экспорт таблицы    AQ$_QS_OS_ORDERS_PR_MQTAB_HЭкспортировано           0 строк
. . экспорт таблицы    AQ$_QS_OS_ORDERS_PR_MQTAB_IЭкспортировано           0 строк
. . экспорт таблицы   AQ$_QS_OS_ORDERS_PR_MQTAB_NRЭкспортировано           0 строк
. . экспорт таблицы    AQ$_QS_OS_ORDERS_PR_MQTAB_SЭкспортировано           1 строк
. . экспорт таблицы    AQ$_QS_OS_ORDERS_PR_MQTAB_TЭкспортировано           0 строк
. . экспорт таблицы             QS_OS_ORDERS_MQTABЭкспортировано           0 строк
. . экспорт таблицы          QS_OS_ORDERS_PR_MQTABЭкспортировано           0 строк
Готовится экспорт таблиц QS_CBADM чеpез обычный маpшpут ...
. . экспорт таблицы    AQ$_QS_CBADM_ORDERS_MQTAB_HЭкспортировано           0 строк
. . экспорт таблицы    AQ$_QS_CBADM_ORDERS_MQTAB_IЭкспортировано           0 строк
. . экспорт таблицы   AQ$_QS_CBADM_ORDERS_MQTAB_NRЭкспортировано           0 строк
. . экспорт таблицы    AQ$_QS_CBADM_ORDERS_MQTAB_SЭкспортировано           3 строк
. . экспорт таблицы    AQ$_QS_CBADM_ORDERS_MQTAB_TЭкспортировано           0 строк
. . экспорт таблицы          QS_CBADM_ORDERS_MQTABЭкспортировано           0 строк
. . экспорт таблицы          QS_CBADM_ORDERS_SQTABЭкспортировано           0 строк
Готовится экспорт таблиц QS_CB чеpез обычный маpшpут ...
Готовится экспорт таблиц QS_CS чеpез обычный маpшpут ...
. . экспорт таблицы    AQ$_QS_CS_ORDER_STATUS_QT_HЭкспортировано           0 строк
. . экспорт таблицы    AQ$_QS_CS_ORDER_STATUS_QT_IЭкспортировано           0 строк
. . экспорт таблицы   AQ$_QS_CS_ORDER_STATUS_QT_NRЭкспортировано           0 строк
. . экспорт таблицы    AQ$_QS_CS_ORDER_STATUS_QT_SЭкспортировано           1 строк
. . экспорт таблицы    AQ$_QS_CS_ORDER_STATUS_QT_TЭкспортировано           0 строк
. . экспорт таблицы             ORDER_STATUS_TABLEЭкспортировано           0 строк
. . экспорт таблицы          QS_CS_ORDER_STATUS_QTЭкспортировано           0 строк
Готовится экспорт таблиц SCOTT чеpез обычный маpшpут ...
. . экспорт таблицы                          BONUSЭкспортировано           0 строк
. . экспорт таблицы                           DEPTЭкспортировано           4 строк
EXP-00091: Экспортируется недостоверная статистика
. . экспорт таблицы                            DOCЭкспортировано          54 строк
. . экспорт таблицы                            EMPЭкспортировано          14 строк
EXP-00091: Экспортируется недостоверная статистика
. . экспорт таблицы                        HIGHTABЭкспортировано          30 строк
. . экспорт таблицы                       LOCATIONЭкспортировано        2023 строк
EXP-00091: Экспортируется недостоверная статистика
EXP-00091: Экспортируется недостоверная статистика
EXP-00091: Экспортируется недостоверная статистика
. . экспорт таблицы                      NEWSPAPERЭкспортировано        1126 строк
EXP-00091: Экспортируется недостоверная статистика
EXP-00091: Экспортируется недостоверная статистика
EXP-00091: Экспортируется недостоверная статистика
. . экспорт таблицы                       SALGRADEЭкспортировано           5 строк
Готовится экспорт таблиц RMAN чеpез обычный маpшpут ...
. . экспорт таблицы                             ALЭкспортировано           0 строк
EXP-00091: Экспортируется недостоверная статистика
EXP-00091: Экспортируется недостоверная статистика
EXP-00091: Экспортируется недостоверная статистика
EXP-00091: Экспортируется недостоверная статистика
. . экспорт таблицы                            BCBЭкспортировано           0 строк
EXP-00091: Экспортируется недостоверная статистика
. . экспорт таблицы                            BCFЭкспортировано           0 строк
EXP-00091: Экспортируется недостоверная статистика
EXP-00091: Экспортируется недостоверная статистика
EXP-00091: Экспортируется недостоверная статистика
. . экспорт таблицы                            BDFЭкспортировано           0 строк
EXP-00091: Экспортируется недостоверная статистика
EXP-00091: Экспортируется недостоверная статистика
EXP-00091: Экспортируется недостоверная статистика
EXP-00091: Экспортируется недостоверная статистика
. . экспорт таблицы                             BPЭкспортировано           0 строк
EXP-00091: Экспортируется недостоверная статистика
EXP-00091: Экспортируется недостоверная статистика
EXP-00091: Экспортируется недостоверная статистика
. . экспорт таблицы                            BRLЭкспортировано           0 строк
EXP-00091: Экспортируется недостоверная статистика
EXP-00091: Экспортируется недостоверная статистика
EXP-00091: Экспортируется недостоверная статистика
EXP-00091: Экспортируется недостоверная статистика
. . экспорт таблицы                             BSЭкспортировано           0 строк
EXP-00091: Экспортируется недостоверная статистика
EXP-00091: Экспортируется недостоверная статистика
. . экспорт таблицы                            BSFЭкспортировано           0 строк
EXP-00091: Экспортируется недостоверная статистика
EXP-00091: Экспортируется недостоверная статистика
. . экспорт таблицы                            CCBЭкспортировано           0 строк
EXP-00091: Экспортируется недостоверная статистика
. . экспорт таблицы                            CCFЭкспортировано           0 строк
EXP-00091: Экспортируется недостоверная статистика
EXP-00091: Экспортируется недостоверная статистика
EXP-00091: Экспортируется недостоверная статистика
. . экспорт таблицы                            CDFЭкспортировано           0 строк
EXP-00091: Экспортируется недостоверная статистика
EXP-00091: Экспортируется недостоверная статистика
EXP-00091: Экспортируется недостоверная статистика
EXP-00091: Экспортируется недостоверная статистика
. . экспорт таблицы                            CKPЭкспортировано           0 строк
EXP-00091: Экспортируется недостоверная статистика
EXP-00091: Экспортируется недостоверная статистика
. . экспорт таблицы                           CONFЭкспортировано           0 строк
EXP-00091: Экспортируется недостоверная статистика
. . экспорт таблицы                         CONFIGЭкспортировано           1 строк
. . экспорт таблицы                             DBЭкспортировано           0 строк
EXP-00091: Экспортируется недостоверная статистика
EXP-00091: Экспортируется недостоверная статистика
. . экспорт таблицы                          DBINCЭкспортировано           0 строк
EXP-00091: Экспортируется недостоверная статистика
EXP-00091: Экспортируется недостоверная статистика
. . экспорт таблицы                             DFЭкспортировано           0 строк
EXP-00091: Экспортируется недостоверная статистика
EXP-00091: Экспортируется недостоверная статистика
EXP-00091: Экспортируется недостоверная статистика
. . экспорт таблицы                          DFATTЭкспортировано           0 строк
EXP-00091: Экспортируется недостоверная статистика
. . экспорт таблицы                           OFFRЭкспортировано           0 строк
EXP-00091: Экспортируется недостоверная статистика
EXP-00091: Экспортируется недостоверная статистика
EXP-00091: Экспортируется недостоверная статистика
. . экспорт таблицы                            ORLЭкспортировано           0 строк
EXP-00091: Экспортируется недостоверная статистика
. . экспорт таблицы                          RCVERЭкспортировано           1 строк
EXP-00091: Экспортируется недостоверная статистика
. . экспорт таблицы                            RLHЭкспортировано           0 строк
EXP-00091: Экспортируется недостоверная статистика
EXP-00091: Экспортируется недостоверная статистика
EXP-00091: Экспортируется недостоверная статистика
. . экспорт таблицы                             RRЭкспортировано           0 строк
EXP-00091: Экспортируется недостоверная статистика
. . экспорт таблицы                             RTЭкспортировано           0 строк
EXP-00091: Экспортируется недостоверная статистика
. . экспорт таблицы                            SCRЭкспортировано           0 строк
EXP-00091: Экспортируется недостоверная статистика
EXP-00091: Экспортируется недостоверная статистика
. . экспорт таблицы                           SCRLЭкспортировано           0 строк
EXP-00091: Экспортируется недостоверная статистика
. . экспорт таблицы                             TSЭкспортировано           0 строк
EXP-00091: Экспортируется недостоверная статистика
EXP-00091: Экспортируется недостоверная статистика
EXP-00091: Экспортируется недостоверная статистика
. . экспорт таблицы                          TSATTЭкспортировано           0 строк
EXP-00091: Экспортируется недостоверная статистика
. . экспорт таблицы                            XCFЭкспортировано           0 строк
EXP-00091: Экспортируется недостоверная статистика
EXP-00091: Экспортируется недостоверная статистика
EXP-00091: Экспортируется недостоверная статистика
. . экспорт таблицы                            XDFЭкспортировано           0 строк
EXP-00091: Экспортируется недостоверная статистика
EXP-00091: Экспортируется недостоверная статистика
EXP-00091: Экспортируется недостоверная статистика
EXP-00091: Экспортируется недостоверная статистика
Готовится экспорт таблиц KOSH чеpез обычный маpшpут ...
. . экспорт таблицы                            DOCЭкспортировано        1133 строк
. . экспорт таблицы                         DOCMINЭкспортировано          30 строк
Готовится экспорт таблиц CREATOR чеpез обычный маpшpут ...
Готовится экспорт таблиц BUSES0_CREATOR чеpез обычный маpшpут ...
. . экспорт таблицы                          BUSESЭкспортировано          13 строк
EXP-00091: Экспортируется недостоверная статистика
. . экспорт таблицы                      BUSES_TMP
. . экспорт таблицы                      KM_PRICESЭкспортировано           2 строк
EXP-00091: Экспортируется недостоверная статистика
. . экспорт таблицы                  KM_PRICES_TMP
. . экспорт таблицы                         MODELSЭкспортировано           6 строк
EXP-00091: Экспортируется недостоверная статистика
. . экспорт таблицы                     MODELS_TMP
. . экспорт таблицы                         POINTSЭкспортировано          35 строк
EXP-00091: Экспортируется недостоверная статистика
. . экспорт таблицы                  POINTS_ROUTESЭкспортировано          66 строк
EXP-00091: Экспортируется недостоверная статистика
. . экспорт таблицы              POINTS_ROUTES_TMP
. . экспорт таблицы                     POINTS_TMP
. . экспорт таблицы                         ROUTESЭкспортировано          11 строк
EXP-00091: Экспортируется недостоверная статистика
. . экспорт таблицы                     ROUTES_TMP
. . экспорт таблицы                          TRIPSЭкспортировано         150 строк
EXP-00091: Экспортируется недостоверная статистика
. . экспорт таблицы                      TRIPS_TMP
Готовится экспорт таблиц BUSES0_SELECT чеpез обычный маpшpут ...
Готовится экспорт таблиц BUSES0_DML чеpез обычный маpшpут ...
Готовится экспорт таблиц BUSES1_CREATOR чеpез обычный маpшpут ...
. . экспорт таблицы                          BUSESЭкспортировано          11 строк
EXP-00091: Экспортируется недостоверная статистика
. . экспорт таблицы                      BUSES_TMP
. . экспорт таблицы                      KM_PRICESЭкспортировано           2 строк
EXP-00091: Экспортируется недостоверная статистика
. . экспорт таблицы                  KM_PRICES_TMP
. . экспорт таблицы                         MODELSЭкспортировано           8 строк
EXP-00091: Экспортируется недостоверная статистика
. . экспорт таблицы                     MODELS_TMP
. . экспорт таблицы                         POINTSЭкспортировано          34 строк
EXP-00091: Экспортируется недостоверная статистика
. . экспорт таблицы                  POINTS_ROUTESЭкспортировано          58 строк
EXP-00091: Экспортируется недостоверная статистика
. . экспорт таблицы              POINTS_ROUTES_TMP
. . экспорт таблицы                     POINTS_TMP
. . экспорт таблицы                         ROUTESЭкспортировано          12 строк
EXP-00091: Экспортируется недостоверная статистика
. . экспорт таблицы                     ROUTES_TMP
. . экспорт таблицы                          TRIPSЭкспортировано         120 строк
EXP-00091: Экспортируется недостоверная статистика
. . экспорт таблицы                      TRIPS_TMP
Готовится экспорт таблиц BUSES1_SELECT чеpез обычный маpшpут ...
Готовится экспорт таблиц BUSES1_DML чеpез обычный маpшpут ...
Готовится экспорт таблиц BUSES2_CREATOR чеpез обычный маpшpут ...
. . экспорт таблицы                          BUSESЭкспортировано         100 строк
EXP-00091: Экспортируется недостоверная статистика
. . экспорт таблицы                      BUSES_TMP
. . экспорт таблицы                      KM_PRICESЭкспортировано           3 строк
EXP-00091: Экспортируется недостоверная статистика
. . экспорт таблицы                  KM_PRICES_TMP
. . экспорт таблицы                         MODELSЭкспортировано          10 строк
EXP-00091: Экспортируется недостоверная статистика
. . экспорт таблицы                     MODELS_TMP
. . экспорт таблицы                         POINTSЭкспортировано         100 строк
EXP-00091: Экспортируется недостоверная статистика
. . экспорт таблицы                  POINTS_ROUTESЭкспортировано         573 строк
EXP-00091: Экспортируется недостоверная статистика
. . экспорт таблицы              POINTS_ROUTES_TMP
. . экспорт таблицы                     POINTS_TMP
. . экспорт таблицы                         ROUTESЭкспортировано          50 строк
EXP-00091: Экспортируется недостоверная статистика
. . экспорт таблицы                     ROUTES_TMP
. . экспорт таблицы                          TRIPSЭкспортировано         500 строк
EXP-00091: Экспортируется недостоверная статистика
. . экспорт таблицы                      TRIPS_TMP
Готовится экспорт таблиц BUSES2_SELECT чеpез обычный маpшpут ...
Готовится экспорт таблиц BUSES2_DML чеpез обычный маpшpут ...
Готовится экспорт таблиц EPO2004_PMN чеpез обычный маpшpут ...
Готовится экспорт таблиц EPO2004_BAS чеpез обычный маpшpут ...
. . экспорт таблицы                           INFOЭкспортировано           2 строк
. . экспорт таблицы                   ISPOLZOVANIEЭкспортировано           0 строк
. . экспорт таблицы                    NACHISLENIEЭкспортировано           0 строк
. . экспорт таблицы            POKAZANIE_CHETCHIKAЭкспортировано           0 строк
. . экспорт таблицы                    POSTUPLENIEЭкспортировано           0 строк
. . экспорт таблицы                     PRED_MONTHЭкспортировано           0 строк
. . экспорт таблицы                         SVODKAЭкспортировано           0 строк
. . экспорт таблицы                          TARIFЭкспортировано           0 строк
Готовится экспорт таблиц TEST чеpез обычный маpшpут ...
. . экспорт таблицы                          MARKSЭкспортировано           0 строк
. . экспорт таблицы                       STUDENTSЭкспортировано           3 строк
. . экспорт таблицы                       SUBJECTSЭкспортировано           3 строк
. экспорт синонимов
. экспорт представлений
. экспорт ссылочных ограничений целостности
. экспорт хранимых процедур
. экспортируются операторы
. экспортируются индексные типы
. экспортируются битовые, функциональные и расширяемые индексы
EXP-00091: Экспортируется недостоверная статистика
EXP-00091: Экспортируется недостоверная статистика
EXP-00091: Экспортируется недостоверная статистика
EXP-00091: Экспортируется недостоверная статистика
EXP-00091: Экспортируется недостоверная статистика
EXP-00091: Экспортируется недостоверная статистика
EXP-00091: Экспортируется недостоверная статистика
EXP-00091: Экспортируется недостоверная статистика
EXP-00091: Экспортируется недостоверная статистика
EXP-00091: Экспортируется недостоверная статистика
EXP-00091: Экспортируется недостоверная статистика
EXP-00091: Экспортируется недостоверная статистика
EXP-00091: Экспортируется недостоверная статистика
. экспорт посттабличных действий
. экспорт триггеров
. экспорт материализованных представлений
. экспорт журналов снимков
. экспорт очередей заданий
. экспорт обновл.групп и потомков
. экспортируются размерности
. экспортируются post-schema процедурные объекты и действия
. экспортируется таблица хронологии пользователя
. экспорт опций проверки - системных и по умолчанию
. экспорт статистики
Экспорт завершен успешно с предупреждениями.
